> Task :app:preBuild UP-TO-DATE
> Task :app:preDebugBuild UP-TO-DATE
> Task :app:checkKotlinGradlePluginConfigurationErrors
> Task :app:generateDebugResValues
> Task :app:checkDebugAarMetadata
> Task :app:mapDebugSourceSetPaths
> Task :app:generateDebugResources
> Task :app:packageDebugResources
> Task :app:createDebugCompatibleScreenManifests
> Task :app:extractDeepLinksDebug
> Task :app:parseDebugLocalResources
> Task :app:processDebugMainManifest
> Task :app:mergeDebugResources
> Task :app:processDebugManifest
> Task :app:preDebugUnitTestBuild UP-TO-DATE
> Task :app:processDebugManifestForPackage
> Task :app:javaPreCompileDebugUnitTest
> Task :app:javaPreCompileDebug
> Task :app:processDebugResources
> Task :app:kspDebugKotlin

> Task :app:compileDebugKotlin FAILED
e: file:///Users/carloscabral/AndroidStudioProjects/CarteiraDoCabral/app/src/main/java/com/example/carteiradocabral/di/DatabaseModule.kt:27:22 Type mismatch: inferred type is `<no name provided>` but RoomDatabase.Callback was expected
e: file:///Users/carloscabral/AndroidStudioProjects/CarteiraDoCabral/app/src/main/java/com/example/carteiradocabral/di/DatabaseModule.kt:27:31 Unresolved reference: RoomDatabase
e: file:///Users/carloscabral/AndroidStudioProjects/CarteiraDoCabral/app/src/main/java/com/example/carteiradocabral/di/DatabaseModule.kt:28:13 'onCreate' overrides nothing
e: file:///Users/carloscabral/AndroidStudioProjects/CarteiraDoCabral/app/src/main/java/com/example/carteiradocabral/di/DatabaseModule.kt:29:23 Unresolved reference: onCreate

[Incubating] Problems report is available at: file:///Users/carloscabral/AndroidStudioProjects/CarteiraDoCabral/build/reports/problems/problems-report.html

FAILURE: Build failed with an exception.

* What went wrong:
Execution failed for task ':app:compileDebugKotlin'.
> A failure occurred while executing org.jetbrains.kotlin.compilerRunner.GradleCompilerRunnerWithWorkers$GradleKotlinCompilerWorkAction
   > Compilation error. See log for more details

* Try:
> Run with --stacktrace option to get the stack trace.
> Run with --info or --debug option to get more log output.
> Run with --scan to generate a Build Scan (powered by Develocity).
> Get more help at https://help.gradle.org.

Deprecated Gradle features were used in this build, making it incompatible with Gradle 10.

You can use '--warning-mode all' to show the individual deprecation warnings and determine if they come from your own scripts or plugins.

For more on this, please refer to https://docs.gradle.org/9.2.1/userguide/command_line_interface.html#sec:command_line_warnings in the Gradle documentation.

BUILD FAILED in 21s
18 actionable tasks: 18 executed
